{"name": "Check created quote on Rate Quotes page \"ACTIVE/RECENT SPOT QUOTES\" table", "status": "failed", "statusDetails": {"message": "AssertionError\n", "trace": "  File \"C:\\Users\\Devtrust\\PycharmProjects\\Draydex\\.venv\\Lib\\site-packages\\behave\\model.py\", line 1329, in run\n    match.run(runner.context)\n  File \"C:\\Users\\Devtrust\\PycharmProjects\\Draydex\\.venv\\Lib\\site-packages\\behave\\matchers.py\", line 98, in run\n    self.func(context, *args, **kwargs)\n  File \"features\\steps\\TC03_CheckQuoteInTable.py\", line 66, in step_impl\n    assert quote_details_after_creation['Terminal'] == \"Select\"\n"}, "steps": [{"name": "Given the user is on the dashboard page", "status": "passed", "start": 1746424895656, "stop": 1746424901875}, {"name": "When user move to the rate quotes page", "status": "passed", "start": 1746424901875, "stop": 1746424903374}, {"name": "When the user will check for \"ACTIVE/RECENT SPOT QUOTES\" table", "status": "passed", "start": 1746424903374, "stop": 1746424905981}, {"name": "When user searches for quote in the table", "status": "passed", "start": 1746424905982, "stop": 1746424910667}, {"name": "And user should see the quote in the table on current page", "status": "passed", "start": 1746424910667, "stop": 1746424910692}, {"name": "Then the user will click on quote id", "status": "passed", "start": 1746424910692, "stop": 1746424911063}, {"name": "And the following buttons should be displayed", "status": "passed", "attachments": [{"name": ".table", "source": "fba7062a-0656-400f-9ad8-bb09509dd6fb-attachment.csv", "type": "text/csv"}], "start": 1746424911064, "stop": 1746424919664}, {"name": "And the user will verify all the details of the quote", "status": "failed", "statusDetails": {"message": "AssertionError\n", "trace": "  File \"C:\\Users\\Devtrust\\PycharmProjects\\Draydex\\.venv\\Lib\\site-packages\\behave\\model.py\", line 1329, in run\n    match.run(runner.context)\n  File \"C:\\Users\\Devtrust\\PycharmProjects\\Draydex\\.venv\\Lib\\site-packages\\behave\\matchers.py\", line 98, in run\n    self.func(context, *args, **kwargs)\n  File \"features\\steps\\TC03_CheckQuoteInTable.py\", line 66, in step_impl\n    assert quote_details_after_creation['Terminal'] == \"Select\"\n"}, "start": 1746424919664, "stop": 1746424920042}], "start": 1746424895655, "stop": 1746424920043, "uuid": "03bf4221-7e94-451a-a99c-76f8b923f3b2", "historyId": "865ef81514b51a4c21eb105e7b36e7af", "fullName": "Verify Created Quote On Rate Quotes Page: Check created quote on Rate Quotes page \"ACTIVE/RECENT SPOT QUOTES\" table", "labels": [{"name": "severity", "value": "normal"}, {"name": "feature", "value": "Verify Created Quote On Rate Quotes Page"}, {"name": "framework", "value": "behave"}, {"name": "language", "value": "cpython3"}]}